
  Dropping all tables ............. 123.23ms DONE

   INFO  Preparing database.  

  Creating migration table ......... 22.78ms DONE

   INFO  Running migrations.  

  0001_01_01_000000_create_users_table  115.64ms DONE
  0001_01_01_000001_create_cache_table  65.64ms DONE
  0001_01_01_000002_create_jobs_table  100.65ms DONE
  2026_02_11_190341_create_personal_access_tokens_table  67.85ms DONE
  2026_02_11_190450_create_categories_table  29.90ms DONE
  2026_02_11_190451_create_suppliers_table  20.54ms DONE
  2026_02_11_190452_create_warehouses_table  19.64ms DONE
  2026_02_11_190453_create_products_table  171.23ms DONE
  2026_02_11_190512_create_stock_movements_table  64.63ms FAIL

   Illuminate\Database\QueryException 

  SQLSTATE[HY000]: General error: 1005 Can't create table `stockmaster`.`stock_movements` (errno: 150 "Foreign key constraint is incorrectly formed") (Connection: mysql, SQL: alter table `stock_movements` add constraint `stock_movements_inventory_id_foreign` foreign key (`inventory_id`) references `inventories` (`id`) on delete cascade)

  at vendor\laravel\framework\src\Illuminate\Database\Connection.php:825
    821Ôûò                     $this->getName(), $query, $this->prepareBindings($bindings), $e
    822Ôûò                 );
    823Ôûò             }
    824Ôûò 
  Ô×£ 825Ôûò             throw new QueryException(
    826Ôûò                 $this->getName(), $query, $this->prepareBindings($bindings), $e
    827Ôûò             );
    828Ôûò         }
    829Ôûò     }

  1   vendor\laravel\framework\src\Illuminate\Database\Connection.php:571
      PDOException::("SQLSTATE[HY000]: General error: 1005 Can't create table `stockmaster`.`stock_movements` (errno: 150 "Foreign key constraint is incorrectly formed")")

  2   vendor\laravel\framework\src\Illuminate\Database\Connection.php:571
      PDOStatement::execute()

  3   vendor\laravel\framework\src\Illuminate\Database\Connection.php:812
      Illuminate\Database\Connection::Illuminate\Database\{closure}("alter table `stock_movements` add constraint `stock_movements_inventory_id_foreign` foreign key (`inventory_id`) references `inventories` (`id`) on delete cascade", [])

  4   vendor\laravel\framework\src\Illuminate\Database\Connection.php:779
      Illuminate\Database\Connection::runQueryCallback("alter table `stock_movements` add constraint `stock_movements_inventory_id_foreign` foreign key (`inventory_id`) references `inventories` (`id`) on delete cascade", [], Object(Closure))

  5   vendor\laravel\framework\src\Illuminate\Database\Connection.php:560
      Illuminate\Database\Connection::run("alter table `stock_movements` add constraint `stock_movements_inventory_id_foreign` foreign key (`inventory_id`) references `inventories` (`id`) on delete cascade", [], Object(Closure))

  6   vendor\laravel\framework\src\Illuminate\Database\Schema\Blueprint.php:118
      Illuminate\Database\Connection::statement("alter table `stock_movements` add constraint `stock_movements_inventory_id_foreign` foreign key (`inventory_id`) references `inventories` (`id`) on delete cascade")

  7   vendor\laravel\framework\src\Illuminate\Database\Schema\Builder.php:564
      Illuminate\Database\Schema\Blueprint::build(Object(Illuminate\Database\MySqlConnection), Object(Illuminate\Database\Schema\Grammars\MySqlGrammar))

  8   vendor\laravel\framework\src\Illuminate\Database\Schema\Builder.php:418
      Illuminate\Database\Schema\Builder::build(Object(Illuminate\Database\Schema\Blueprint))

  9   vendor\laravel\framework\src\Illuminate\Support\Facades\Facade.php:361
      Illuminate\Database\Schema\Builder::create("stock_movements", Object(Closure))

  10  database\migrations\2026_02_11_190512_create_stock_movements_table.php:14
      Illuminate\Support\Facades\Facade::__callStatic("create")

  11  vendor\laravel\framework\src\Illuminate\Database\Migrations\Migrator.php:507
      Illuminate\Database\Migrations\Migration@anonymous\D:\OneDrive\FORMACION\Programacion\Curso Google Antigravity\API StockMaster\database\migrations\2026_02_11_190512_create_stock_movements_table.php:7$129::up()

  12  vendor\laravel\framework\src\Illuminate\Database\Migrations\Migrator.php:432
      Illuminate\Database\Migrations\Migrator::runMethod(Object(Illuminate\Database\MySqlConnection), Object(Illuminate\Database\Migrations\Migration@anonymous\D:\OneDrive\FORMACION\Programacion\Curso Google Antigravity\API StockMaster\database\migrations\2026_02_11_190512_create_stock_movements_table.php:7$129), "up")

  13  vendor\laravel\framework\src\Illuminate\Database\Migrations\Migrator.php:441
      Illuminate\Database\Migrations\Migrator::Illuminate\Database\Migrations\{closure}()

  14  vendor\laravel\framework\src\Illuminate\Database\Migrations\Migrator.php:244
      Illuminate\Database\Migrations\Migrator::runMigration(Object(Illuminate\Database\Migrations\Migration@anonymous\D:\OneDrive\FORMACION\Programacion\Curso Google Antigravity\API StockMaster\database\migrations\2026_02_11_190512_create_stock_movements_table.php:7$129), "up")

  15  vendor\laravel\framework\src\Illuminate\Console\View\Components\Task.php:40
      Illuminate\Database\Migrations\Migrator::Illuminate\Database\Migrations\{closure}()

  16  vendor\laravel\framework\src\Illuminate\Database\Migrations\Migrator.php:798
      Illuminate\Console\View\Components\Task::render("2026_02_11_190512_create_stock_movements_table", Object(Closure))

  17  vendor\laravel\framework\src\Illuminate\Database\Migrations\Migrator.php:244
      Illuminate\Database\Migrations\Migrator::write("Illuminate\Console\View\Components\Task", "2026_02_11_190512_create_stock_movements_table", Object(Closure))

  18  vendor\laravel\framework\src\Illuminate\Database\Migrations\Migrator.php:211
      Illuminate\Database\Migrations\Migrator::runUp("D:\OneDrive\FORMACION\Programacion\Curso Google Antigravity\API StockMaster\database\migrations/2026_02_11_190512_create_stock_movements_table.php")

  19  vendor\laravel\framework\src\Illuminate\Database\Migrations\Migrator.php:138
      Illuminate\Database\Migrations\Migrator::runPending([])

  20  vendor\laravel\framework\src\Illuminate\Database\Console\Migrations\MigrateCommand.php:117
      Illuminate\Database\Migrations\Migrator::run([])

  21  vendor\laravel\framework\src\Illuminate\Database\Migrations\Migrator.php:658
      Illuminate\Database\Console\Migrations\MigrateCommand::Illuminate\Database\Console\Migrations\{closure}()

  22  vendor\laravel\framework\src\Illuminate\Database\Console\Migrations\MigrateCommand.php:110
      Illuminate\Database\Migrations\Migrator::usingConnection(Object(Closure))

  23  vendor\laravel\framework\src\Illuminate\Database\Console\Migrations\MigrateCommand.php:89
      Illuminate\Database\Console\Migrations\MigrateCommand::runMigrations()

  24  vendor\laravel\framework\src\Illuminate\Container\BoundMethod.php:36
      Illuminate\Database\Console\Migrations\MigrateCommand::handle()

  25  vendor\laravel\framework\src\Illuminate\Container\Util.php:43
      Illuminate\Container\BoundMethod::Illuminate\Container\{closure}()

  26  vendor\laravel\framework\src\Illuminate\Container\BoundMethod.php:95
      Illuminate\Container\Util::unwrapIfClosure(Object(Closure))

  27  vendor\laravel\framework\src\Illuminate\Container\BoundMethod.php:35
      Illuminate\Container\BoundMethod::callBoundMethod(Object(Illuminate\Foundation\Application), Object(Closure))

  28  vendor\laravel\framework\src\Illuminate\Container\Container.php:696
      Illuminate\Container\BoundMethod::call(Object(Illuminate\Foundation\Application), [])

  29  vendor\laravel\framework\src\Illuminate\Console\Command.php:213
      Illuminate\Container\Container::call()

  30  vendor\symfony\console\Command\Command.php:341
      Illuminate\Console\Command::execute(Object(Symfony\Component\Console\Input\ArrayInput), Object(Illuminate\Console\OutputStyle))

  31  vendor\laravel\framework\src\Illuminate\Console\Command.php:182
      Symfony\Component\Console\Command\Command::run(Object(Symfony\Component\Console\Input\ArrayInput), Object(Illuminate\Console\OutputStyle))

  32  vendor\laravel\framework\src\Illuminate\Console\Concerns\CallsCommands.php:68
      Illuminate\Console\Command::run(Object(Symfony\Component\Console\Input\ArrayInput), Object(Illuminate\Console\OutputStyle))

  33  vendor\laravel\framework\src\Illuminate\Console\Concerns\CallsCommands.php:29
      Illuminate\Console\Command::runCommand("migrate", ["migrate"], Object(Illuminate\Console\OutputStyle))

  34  vendor\laravel\framework\src\Illuminate\Database\Console\Migrations\FreshCommand.php:82
      Illuminate\Console\Command::call("migrate", [])

  35  vendor\laravel\framework\src\Illuminate\Container\BoundMethod.php:36
      Illuminate\Database\Console\Migrations\FreshCommand::handle()

  36  vendor\laravel\framework\src\Illuminate\Container\Util.php:43
      Illuminate\Container\BoundMethod::Illuminate\Container\{closure}()

  37  vendor\laravel\framework\src\Illuminate\Container\BoundMethod.php:95
      Illuminate\Container\Util::unwrapIfClosure(Object(Closure))

  38  vendor\laravel\framework\src\Illuminate\Container\BoundMethod.php:35
      Illuminate\Container\BoundMethod::callBoundMethod(Object(Illuminate\Foundation\Application), Object(Closure))

  39  vendor\laravel\framework\src\Illuminate\Container\Container.php:696
      Illuminate\Container\BoundMethod::call(Object(Illuminate\Foundation\Application), [])

  40  vendor\laravel\framework\src\Illuminate\Console\Command.php:213
      Illuminate\Container\Container::call()

  41  vendor\symfony\console\Command\Command.php:341
      Illuminate\Console\Command::execute(Object(Symfony\Component\Console\Input\ArgvInput), Object(Illuminate\Console\OutputStyle))

  42  vendor\laravel\framework\src\Illuminate\Console\Command.php:182
      Symfony\Component\Console\Command\Command::run(Object(Symfony\Component\Console\Input\ArgvInput), Object(Illuminate\Console\OutputStyle))

  43  vendor\symfony\console\Application.php:1102
      Illuminate\Console\Command::run(Object(Symfony\Component\Console\Input\ArgvInput), Object(Symfony\Component\Console\Output\ConsoleOutput))

  44  vendor\symfony\console\Application.php:356
      Symfony\Component\Console\Application::doRunCommand(Object(Illuminate\Database\Console\Migrations\FreshCommand), Object(Symfony\Component\Console\Input\ArgvInput), Object(Symfony\Component\Console\Output\ConsoleOutput))

  45  vendor\symfony\console\Application.php:195
      Symfony\Component\Console\Application::doRun(Object(Symfony\Component\Console\Input\ArgvInput), Object(Symfony\Component\Console\Output\ConsoleOutput))

  46  vendor\laravel\framework\src\Illuminate\Foundation\Console\Kernel.php:198
      Symfony\Component\Console\Application::run(Object(Symfony\Component\Console\Input\ArgvInput), Object(Symfony\Component\Console\Output\ConsoleOutput))

  47  vendor\laravel\framework\src\Illuminate\Foundation\Application.php:1235
      Illuminate\Foundation\Console\Kernel::handle(Object(Symfony\Component\Console\Input\ArgvInput), Object(Symfony\Component\Console\Output\ConsoleOutput))

  48  artisan:13
      Illuminate\Foundation\Application::handleCommand(Object(Symfony\Component\Console\Input\ArgvInput))

